🌅 A股每日更新服务启动，监听 http://0.0.0.0:5002
⏰ 每日自动更新已启动，每天 06:00 执行
[2026-03-24 09:24:18] 🚀 启动每日A股数据更新（30线程并发）...
  共 5496 只股票，开始并发抓取...
  抓取进度: 500/5496
  抓取进度: 1000/5496
  抓取进度: 1500/5496
  抓取进度: 2000/5496
  抓取进度: 2500/5496
  抓取进度: 3000/5496
  抓取进度: 3500/5496
  抓取进度: 4000/5496
  抓取进度: 4500/5496
  抓取进度: 5000/5496
  抓取完成 ✅ 成功 0，失败 5496，共 0 条记录
  开始写入数据库...
[2026-03-24 09:24:18] 完成！成功 0 只，失败 5496 只，写入 0 条
🌅 A股每日更新服务启动，监听 http://0.0.0.0:5002
⏰ 每日自动更新已启动，每天 06:00 执行
[2026-03-24 09:29:57] 🚀 启动每日A股数据更新（30线程并发）...
  共 5496 只股票，开始并发抓取...
  抓取进度: 500/5496
  抓取进度: 1000/5496
  抓取进度: 1500/5496
  抓取进度: 2000/5496
  抓取进度: 2500/5496
  抓取进度: 3000/5496
  抓取进度: 3500/5496
  抓取进度: 4000/5496
  抓取进度: 4500/5496
  抓取进度: 5000/5496
  抓取完成 ✅ 成功 0，失败 5496，共 0 条记录
  开始写入数据库...
[2026-03-24 09:29:57] 完成！成功 0 只，失败 5496 只，写入 0 条
🌅 A股每日更新服务启动，监听 http://0.0.0.0:5002
⏰ 每日自动更新已启动，每天 06:00 执行
[2026-03-24 09:35:24] 🚀 启动每日A股数据更新（10线程并发）...
  共 5496 只股票，开始并发抓取...
  抓取进度: 500/5496
  抓取进度: 1000/5496
  抓取进度: 1500/5496
  抓取进度: 2000/5496
  抓取进度: 2500/5496
  抓取进度: 3000/5496
  抓取进度: 3500/5496
  抓取进度: 4000/5496
  抓取进度: 4500/5496
  抓取进度: 5000/5496
  抓取完成 ✅ 成功 5074，失败 422，共 25350 条记录
  开始写入数据库...
  写入 [1/51] +500条
  写入 [2/51] +500条
  写入 [3/51] +500条
  写入 [4/51] +500条
  写入 [5/51] +500条
  写入 [6/51] +500条
  写入 [7/51] +500条
  写入 [8/51] +500条
  写入 [9/51] +500条
  写入 [10/51] +500条
  写入 [11/51] +500条
  写入 [12/51] +500条
  写入 [13/51] +500条
  写入 [14/51] +500条
  写入 [15/51] +500条
  写入 [16/51] +500条
  写入 [17/51] +500条
  写入 [18/51] +500条
  写入 [19/51] +500条
  写入 [20/51] +500条
  写入 [21/51] +500条
  写入 [22/51] +500条
  写入 [23/51] +500条
  写入 [24/51] +500条
  写入 [25/51] +500条
  写入 [26/51] +500条
  写入 [27/51] +500条
  写入 [28/51] +500条
  写入 [29/51] +500条
  写入 [30/51] +500条
  写入 [31/51] +500条
  写入 [32/51] +500条
  写入 [33/51] +500条
  写入 [34/51] +500条
  写入 [35/51] +500条
  写入 [36/51] +500条
  写入 [37/51] +500条
  写入 [38/51] +500条
  写入 [39/51] +500条
  写入 [40/51] +500条
  写入 [41/51] +500条
  写入 [42/51] +500条
  写入 [43/51] +500条
  写入 [44/51] +500条
  写入 [45/51] +500条
  写入 [46/51] +500条
  写入 [47/51] +500条
  写入 [48/51] +500条
  写入 [49/51] +500条
  写入 [50/51] +500条
  写入 [51/51] +350条
[2026-03-24 09:35:24] 完成！成功 5074 只，失败 422 只，写入 25350 条

==================================================
  🌅 定时任务：每日A股数据更新
==================================================
[2026-03-25 06:00:00] 🚀 启动每日A股数据更新（10线程并发）...
  共 5496 只股票，开始并发抓取...
  抓取进度: 500/5496
  抓取进度: 1000/5496
  抓取进度: 1500/5496
  抓取进度: 2000/5496
  抓取进度: 2500/5496
  抓取进度: 3000/5496
  抓取进度: 3500/5496
  抓取进度: 4000/5496
  抓取进度: 4500/5496
  抓取进度: 5000/5496
  抓取完成 ✅ 成功 5074，失败 422，共 25356 条记录
  开始写入数据库...
  写入 [1/51] +500条
  写入 [2/51] +500条
  写入 [3/51] +500条
  写入 [4/51] +500条
  写入 [5/51] +500条
  写入 [6/51] +500条
  写入 [7/51] +500条
  写入 [8/51] +500条
  写入 [9/51] +500条
  写入 [10/51] +500条
  写入 [11/51] +500条
  写入 [12/51] +500条
  写入 [13/51] +500条
  写入 [14/51] +500条
  写入 [15/51] +500条
  写入 [16/51] +500条
  写入 [17/51] +500条
  写入 [18/51] +500条
  写入 [19/51] +500条
  写入 [20/51] +500条
  写入 [21/51] +500条
  写入 [22/51] +500条
  写入 [23/51] +500条
  写入 [24/51] +500条
  写入 [25/51] +500条
  写入 [26/51] +500条
  写入 [27/51] +500条
  写入 [28/51] +500条
  写入 [29/51] +500条
  写入 [30/51] +500条
  写入 [31/51] +500条
  写入 [32/51] +500条
  写入 [33/51] +500条
  写入 [34/51] +500条
  写入 [35/51] +500条
  写入 [36/51] +500条
  写入 [37/51] +500条
  写入 [38/51] +500条
  写入 [39/51] +500条
  写入 [40/51] +500条
  写入 [41/51] +500条
  写入 [42/51] +500条
  写入 [43/51] +500条
  写入 [44/51] +500条
  写入 [45/51] +500条
  写入 [46/51] +500条
  写入 [47/51] +500条
  写入 [48/51] +500条
  写入 [49/51] +500条
  写入 [50/51] +500条
  写入 [51/51] +356条
[2026-03-25 06:00:00] 完成！成功 5074 只，失败 422 只，写入 25356 条

==================================================
  🌅 定时任务：每日A股数据更新
==================================================
[2026-03-26 06:00:00] 🚀 启动每日A股数据更新（10线程并发）...
  共 5496 只股票，开始并发抓取...
  抓取进度: 500/5496
  抓取进度: 1000/5496
  抓取进度: 1500/5496
  抓取进度: 2000/5496
  抓取进度: 2500/5496
  抓取进度: 3000/5496
  抓取进度: 3500/5496
  抓取进度: 4000/5496
  抓取进度: 4500/5496
  抓取进度: 5000/5496
  抓取完成 ✅ 成功 5074，失败 422，共 25360 条记录
  开始写入数据库...
  写入 [1/51] +500条
  写入 [2/51] +500条
  写入 [3/51] +500条
  写入 [4/51] +500条
  写入 [5/51] +500条
  写入 [6/51] +500条
  写入 [7/51] +500条
  写入 [8/51] +500条
  写入 [9/51] +500条
  写入 [10/51] +500条
  写入 [11/51] +500条
  写入 [12/51] +500条
  写入 [13/51] +500条
  写入 [14/51] +500条
  写入 [15/51] +500条
  写入 [16/51] +500条
  写入 [17/51] +500条
  写入 [18/51] +500条
  写入 [19/51] +500条
  写入 [20/51] +500条
  写入 [21/51] +500条
  写入 [22/51] +500条
  写入 [23/51] +500条
  写入 [24/51] +500条
  写入 [25/51] +500条
  写入 [26/51] +500条
  写入 [27/51] +500条
  写入 [28/51] +500条
  写入 [29/51] +500条
  写入 [30/51] +500条
  写入 [31/51] +500条
  写入 [32/51] +500条
  写入 [33/51] +500条
  写入 [34/51] +500条
  写入 [35/51] +500条
  写入 [36/51] +500条
  写入 [37/51] +500条
  写入 [38/51] +500条
  写入 [39/51] +500条
  写入 [40/51] +500条
  写入 [41/51] +500条
  写入 [42/51] +500条
  写入 [43/51] +500条
  写入 [44/51] +500条
  写入 [45/51] +500条
  写入 [46/51] +500条
  写入 [47/51] +500条
  写入 [48/51] +500条
  写入 [49/51] +500条
  写入 [50/51] +500条
  写入 [51/51] +360条
[2026-03-26 06:00:00] 完成！成功 5074 只，失败 422 只，写入 25360 条
