📰 先正达新闻监控启动，监听 http://0.0.0.0:5003
   GET /check   - 触发一次搜索检查
   GET /status  - 查看状态
   GET /health  - 健康检查
[2026-03-24 10:07:06] 开始搜索先正达相关新闻...
  [eastmoney] 找到 400 条
  [sina] 找到 50 条
  相关文章: 450 条, 新文章: 0 条
[2026-03-24 12:04:13] 开始搜索先正达相关新闻...
  [eastmoney] 找到 400 条
  [sina] 找到 50 条
  相关文章: 450 条, 新文章: 0 条

[2026-03-24 13:06:31] ⏰ 定时检查...
[2026-03-24 13:06:31] 开始搜索先正达相关新闻...
  [eastmoney] 找到 400 条
  [sina] 找到 50 条
  相关文章: 450 条, 新文章: 0 条

[2026-03-24 16:06:36] ⏰ 定时检查...
[2026-03-24 16:06:36] 开始搜索先正达相关新闻...
  [eastmoney] 找到 400 条
  [sina] 找到 50 条
  相关文章: 450 条, 新文章: 0 条
[2026-03-24 18:04:14] 开始搜索先正达相关新闻...
  [eastmoney] 找到 400 条
  [sina] 找到 50 条
  相关文章: 450 条, 新文章: 0 条

[2026-03-24 19:06:42] ⏰ 定时检查...
[2026-03-24 19:06:42] 开始搜索先正达相关新闻...
  [eastmoney] 找到 400 条
  [sina] 找到 50 条
  相关文章: 450 条, 新文章: 0 条

[2026-03-24 22:06:48] ⏰ 定时检查...
[2026-03-24 22:06:48] 开始搜索先正达相关新闻...
  [eastmoney] 找到 400 条
  [sina] 找到 50 条
  相关文章: 450 条, 新文章: 0 条
[2026-03-25 00:04:16] 开始搜索先正达相关新闻...
  [eastmoney] 找到 400 条
  [sina] 找到 50 条
  相关文章: 450 条, 新文章: 0 条

[2026-03-25 01:06:53] ⏰ 定时检查...
[2026-03-25 01:06:53] 开始搜索先正达相关新闻...
  [eastmoney] 找到 400 条
  [sina] 找到 50 条
  相关文章: 450 条, 新文章: 0 条

[2026-03-25 04:06:58] ⏰ 定时检查...
[2026-03-25 04:06:58] 开始搜索先正达相关新闻...
  [eastmoney] 找到 400 条
  [sina] 找到 50 条
  相关文章: 450 条, 新文章: 0 条
[2026-03-25 06:04:13] 开始搜索先正达相关新闻...
  [eastmoney] 找到 400 条
  [sina] 找到 50 条
  相关文章: 450 条, 新文章: 0 条

[2026-03-25 07:07:04] ⏰ 定时检查...
[2026-03-25 07:07:04] 开始搜索先正达相关新闻...
  [eastmoney] 找到 400 条
  [sina] 找到 50 条
  相关文章: 450 条, 新文章: 0 条

[2026-03-25 10:07:09] ⏰ 定时检查...
[2026-03-25 10:07:09] 开始搜索先正达相关新闻...
  [eastmoney] 找到 400 条
  [sina] 找到 50 条
  相关文章: 450 条, 新文章: 0 条
[2026-03-25 12:04:14] 开始搜索先正达相关新闻...
  [eastmoney] 找到 400 条
  [sina] 找到 50 条
  相关文章: 450 条, 新文章: 0 条

[2026-03-25 13:07:15] ⏰ 定时检查...
[2026-03-25 13:07:15] 开始搜索先正达相关新闻...
  [eastmoney] 找到 400 条
  [sina] 找到 50 条
  相关文章: 450 条, 新文章: 0 条

[2026-03-25 16:07:21] ⏰ 定时检查...
[2026-03-25 16:07:21] 开始搜索先正达相关新闻...
  [eastmoney] 找到 400 条
  [sina] 找到 50 条
  相关文章: 450 条, 新文章: 0 条
[2026-03-25 18:04:15] 开始搜索先正达相关新闻...
  [eastmoney] 找到 400 条
  [sina] 找到 50 条
  相关文章: 450 条, 新文章: 0 条

[2026-03-25 19:07:27] ⏰ 定时检查...
[2026-03-25 19:07:27] 开始搜索先正达相关新闻...
  [eastmoney] 找到 400 条
  [sina] 找到 50 条
  相关文章: 450 条, 新文章: 0 条

[2026-03-25 22:07:33] ⏰ 定时检查...
[2026-03-25 22:07:33] 开始搜索先正达相关新闻...
  [eastmoney] 找到 400 条
  [sina] 找到 50 条
  相关文章: 450 条, 新文章: 0 条
[2026-03-26 00:04:13] 开始搜索先正达相关新闻...
  [eastmoney] 找到 400 条
  [sina] 找到 50 条
  相关文章: 450 条, 新文章: 0 条

[2026-03-26 01:07:38] ⏰ 定时检查...
[2026-03-26 01:07:38] 开始搜索先正达相关新闻...
  [eastmoney] 找到 400 条
  [sina] 找到 50 条
  相关文章: 450 条, 新文章: 0 条

[2026-03-26 04:07:45] ⏰ 定时检查...
[2026-03-26 04:07:45] 开始搜索先正达相关新闻...
  [eastmoney] 找到 400 条
  [sina] 找到 50 条
  相关文章: 450 条, 新文章: 0 条
[2026-03-26 06:04:13] 开始搜索先正达相关新闻...
  [eastmoney] 找到 400 条
  [sina] 找到 50 条
  相关文章: 450 条, 新文章: 0 条

[2026-03-26 07:07:50] ⏰ 定时检查...
[2026-03-26 07:07:50] 开始搜索先正达相关新闻...
  [eastmoney] 找到 400 条
  [sina] 找到 50 条
  相关文章: 450 条, 新文章: 0 条

[2026-03-26 10:07:57] ⏰ 定时检查...
[2026-03-26 10:07:57] 开始搜索先正达相关新闻...
  [eastmoney] 找到 400 条
  [sina] 找到 50 条
  相关文章: 450 条, 新文章: 0 条
[2026-03-26 12:04:17] 开始搜索先正达相关新闻...
  [eastmoney] 找到 400 条
  [sina] 找到 50 条
  相关文章: 450 条, 新文章: 0 条

[2026-03-26 13:08:03] ⏰ 定时检查...
[2026-03-26 13:08:03] 开始搜索先正达相关新闻...
  [eastmoney] 找到 400 条
  [sina] 找到 50 条
  相关文章: 450 条, 新文章: 0 条

[2026-03-26 16:08:09] ⏰ 定时检查...
[2026-03-26 16:08:09] 开始搜索先正达相关新闻...
  [eastmoney] 找到 400 条
  [sina] 找到 50 条
  相关文章: 450 条, 新文章: 0 条
[2026-03-26 18:04:13] 开始搜索先正达相关新闻...
  [eastmoney] 找到 400 条
  [sina] 找到 50 条
  相关文章: 450 条, 新文章: 0 条

[2026-03-26 19:08:14] ⏰ 定时检查...
[2026-03-26 19:08:14] 开始搜索先正达相关新闻...
  [eastmoney] 找到 400 条
  [sina] 找到 50 条
  相关文章: 450 条, 新文章: 0 条

[2026-03-26 22:08:19] ⏰ 定时检查...
[2026-03-26 22:08:19] 开始搜索先正达相关新闻...
  [eastmoney] 找到 400 条
  [sina] 找到 50 条
  相关文章: 450 条, 新文章: 0 条
[2026-03-27 00:04:15] 开始搜索先正达相关新闻...
  [eastmoney] 找到 400 条
  [sina] 找到 50 条
  相关文章: 450 条, 新文章: 0 条

[2026-03-27 01:08:25] ⏰ 定时检查...
[2026-03-27 01:08:25] 开始搜索先正达相关新闻...
  [eastmoney] 找到 400 条
  [sina] 找到 50 条
  相关文章: 450 条, 新文章: 0 条

[2026-03-27 04:08:31] ⏰ 定时检查...
[2026-03-27 04:08:31] 开始搜索先正达相关新闻...
  [eastmoney] 找到 400 条
  [sina] 找到 50 条
  相关文章: 450 条, 新文章: 0 条
[2026-03-27 06:04:13] 开始搜索先正达相关新闻...
  [eastmoney] 找到 400 条
  [sina] 找到 50 条
  相关文章: 450 条, 新文章: 0 条

[2026-03-27 07:08:36] ⏰ 定时检查...
[2026-03-27 07:08:36] 开始搜索先正达相关新闻...
  [eastmoney] 找到 400 条
  [sina] 找到 50 条
  相关文章: 450 条, 新文章: 0 条

[2026-03-27 10:08:41] ⏰ 定时检查...
[2026-03-27 10:08:41] 开始搜索先正达相关新闻...
  [eastmoney] 找到 400 条
  [sina] 找到 50 条
  相关文章: 450 条, 新文章: 0 条
[2026-03-27 12:04:13] 开始搜索先正达相关新闻...
  [eastmoney] 找到 400 条
  [sina] 找到 50 条
  相关文章: 450 条, 新文章: 0 条

[2026-03-27 13:08:48] ⏰ 定时检查...
[2026-03-27 13:08:48] 开始搜索先正达相关新闻...
  [eastmoney] 找到 400 条
  [sina] 找到 50 条
  相关文章: 450 条, 新文章: 0 条

[2026-03-27 16:08:54] ⏰ 定时检查...
[2026-03-27 16:08:54] 开始搜索先正达相关新闻...
  [eastmoney] 找到 400 条
  [sina] 找到 50 条
  相关文章: 450 条, 新文章: 0 条
[2026-03-27 18:04:13] 开始搜索先正达相关新闻...
  [eastmoney] 找到 400 条
  [sina] 找到 50 条
  相关文章: 450 条, 新文章: 0 条

[2026-03-27 19:08:59] ⏰ 定时检查...
[2026-03-27 19:08:59] 开始搜索先正达相关新闻...
  [eastmoney] 找到 400 条
  [sina] 找到 50 条
  相关文章: 450 条, 新文章: 0 条

[2026-03-27 22:09:08] ⏰ 定时检查...
[2026-03-27 22:09:08] 开始搜索先正达相关新闻...
  [eastmoney] 找到 400 条
  [sina] 找到 50 条
  相关文章: 450 条, 新文章: 0 条
[2026-03-28 00:04:17] 开始搜索先正达相关新闻...
  [eastmoney] 找到 400 条
  [sina] 找到 50 条
  相关文章: 450 条, 新文章: 0 条

[2026-03-28 01:09:14] ⏰ 定时检查...
[2026-03-28 01:09:14] 开始搜索先正达相关新闻...
  [eastmoney] 找到 400 条
  [sina] 找到 50 条
  相关文章: 450 条, 新文章: 0 条

[2026-03-28 04:09:20] ⏰ 定时检查...
[2026-03-28 04:09:20] 开始搜索先正达相关新闻...
  [eastmoney] 找到 400 条
  [sina] 找到 50 条
  相关文章: 450 条, 新文章: 0 条
[2026-03-28 06:04:13] 开始搜索先正达相关新闻...
  [eastmoney] 找到 400 条
  [sina] 找到 50 条
  相关文章: 450 条, 新文章: 0 条

[2026-03-28 07:09:25] ⏰ 定时检查...
[2026-03-28 07:09:25] 开始搜索先正达相关新闻...
  [eastmoney] 找到 400 条
  [sina] 找到 50 条
  相关文章: 450 条, 新文章: 0 条

[2026-03-28 10:09:31] ⏰ 定时检查...
[2026-03-28 10:09:31] 开始搜索先正达相关新闻...
  [eastmoney] 找到 400 条
  [sina] 找到 50 条
  相关文章: 450 条, 新文章: 0 条
[2026-03-28 12:04:15] 开始搜索先正达相关新闻...
  [eastmoney] 找到 400 条
  [sina] 找到 50 条
  相关文章: 450 条, 新文章: 0 条

[2026-03-28 13:09:38] ⏰ 定时检查...
[2026-03-28 13:09:38] 开始搜索先正达相关新闻...
  [eastmoney] 找到 400 条
  [sina] 找到 50 条
  相关文章: 450 条, 新文章: 0 条

[2026-03-28 16:09:45] ⏰ 定时检查...
[2026-03-28 16:09:45] 开始搜索先正达相关新闻...
  [eastmoney] 找到 400 条
  [sina] 找到 50 条
  相关文章: 450 条, 新文章: 0 条
[2026-03-28 18:04:20] 开始搜索先正达相关新闻...
  [eastmoney] 找到 400 条
  [sina] 找到 50 条
  相关文章: 450 条, 新文章: 0 条

[2026-03-28 19:09:52] ⏰ 定时检查...
[2026-03-28 19:09:52] 开始搜索先正达相关新闻...
  [eastmoney] 找到 400 条
  [sina] 找到 50 条
  相关文章: 450 条, 新文章: 0 条
----------------------------------------
Exception occurred during processing of request from ('138.197.191.240', 57312)
Traceback (most recent call last):
  File "/usr/lib/python3.12/socketserver.py", line 318, in _handle_request_noblock
    self.process_request(request, client_address)
  File "/usr/lib/python3.12/socketserver.py", line 349, in process_request
    self.finish_request(request, client_address)
  File "/usr/lib/python3.12/socketserver.py", line 362, in finish_request
    self.RequestHandlerClass(request, client_address, self)
  File "/usr/lib/python3.12/socketserver.py", line 761, in __init__
    self.handle()
  File "/usr/lib/python3.12/http/server.py", line 436, in handle
    self.handle_one_request()
  File "/usr/lib/python3.12/http/server.py", line 404, in handle_one_request
    self.raw_requestline = self.rfile.readline(65537)
                           ^^^^^^^^^^^^^^^^^^^^^^^^^^
  File "/usr/lib/python3.12/socket.py", line 707, in readinto
    return self._sock.recv_into(b)
           ^^^^^^^^^^^^^^^^^^^^^^^
ConnectionResetError: [Errno 104] Connection reset by peer
----------------------------------------

[2026-03-28 22:09:57] ⏰ 定时检查...
[2026-03-28 22:09:57] 开始搜索先正达相关新闻...
  [eastmoney] 找到 400 条
  [sina] 找到 50 条
  相关文章: 450 条, 新文章: 0 条
[2026-03-29 00:04:13] 开始搜索先正达相关新闻...
  [eastmoney] 找到 400 条
  [sina] 找到 50 条
  相关文章: 450 条, 新文章: 0 条

[2026-03-29 01:10:04] ⏰ 定时检查...
[2026-03-29 01:10:04] 开始搜索先正达相关新闻...
  [eastmoney] 找到 400 条
  [sina] 找到 50 条
  相关文章: 450 条, 新文章: 0 条

[2026-03-29 04:10:10] ⏰ 定时检查...
[2026-03-29 04:10:10] 开始搜索先正达相关新闻...
  [eastmoney] 找到 400 条
  [sina] 找到 50 条
  相关文章: 450 条, 新文章: 0 条
[2026-03-29 06:04:13] 开始搜索先正达相关新闻...
  [eastmoney] 找到 400 条
  [sina] 找到 50 条
  相关文章: 450 条, 新文章: 0 条

[2026-03-29 07:10:15] ⏰ 定时检查...
[2026-03-29 07:10:15] 开始搜索先正达相关新闻...
  [eastmoney] 找到 400 条
  [sina] 找到 50 条
  相关文章: 450 条, 新文章: 0 条

[2026-03-29 10:10:20] ⏰ 定时检查...
[2026-03-29 10:10:20] 开始搜索先正达相关新闻...
  [eastmoney] 找到 400 条
  [sina] 找到 50 条
  相关文章: 450 条, 新文章: 0 条
[2026-03-29 12:04:22] 开始搜索先正达相关新闻...
  [eastmoney] 找到 400 条
  [sina] 找到 50 条
  相关文章: 450 条, 新文章: 0 条

[2026-03-29 13:10:27] ⏰ 定时检查...
[2026-03-29 13:10:27] 开始搜索先正达相关新闻...
  [eastmoney] 找到 400 条
  [sina] 找到 50 条
  相关文章: 450 条, 新文章: 0 条

[2026-03-29 16:10:34] ⏰ 定时检查...
[2026-03-29 16:10:34] 开始搜索先正达相关新闻...
  [eastmoney] 找到 400 条
  [sina] 找到 50 条
  相关文章: 450 条, 新文章: 0 条
[2026-03-29 18:04:13] 开始搜索先正达相关新闻...
  [eastmoney] 找到 400 条
  [sina] 找到 50 条
  相关文章: 450 条, 新文章: 0 条

[2026-03-29 19:10:41] ⏰ 定时检查...
[2026-03-29 19:10:41] 开始搜索先正达相关新闻...
  [eastmoney] 找到 400 条
  [sina] 找到 50 条
  相关文章: 450 条, 新文章: 0 条

[2026-03-29 22:10:47] ⏰ 定时检查...
[2026-03-29 22:10:47] 开始搜索先正达相关新闻...
  [eastmoney] 找到 400 条
  [sina] 找到 50 条
  相关文章: 450 条, 新文章: 0 条
----------------------------------------
Exception occurred during processing of request from ('185.246.130.19', 48577)
Traceback (most recent call last):
  File "/usr/lib/python3.12/socketserver.py", line 318, in _handle_request_noblock
    self.process_request(request, client_address)
  File "/usr/lib/python3.12/socketserver.py", line 349, in process_request
    self.finish_request(request, client_address)
  File "/usr/lib/python3.12/socketserver.py", line 362, in finish_request
    self.RequestHandlerClass(request, client_address, self)
  File "/usr/lib/python3.12/socketserver.py", line 761, in __init__
    self.handle()
  File "/usr/lib/python3.12/http/server.py", line 436, in handle
    self.handle_one_request()
  File "/usr/lib/python3.12/http/server.py", line 404, in handle_one_request
    self.raw_requestline = self.rfile.readline(65537)
                           ^^^^^^^^^^^^^^^^^^^^^^^^^^
  File "/usr/lib/python3.12/socket.py", line 707, in readinto
    return self._sock.recv_into(b)
           ^^^^^^^^^^^^^^^^^^^^^^^
ConnectionResetError: [Errno 104] Connection reset by peer
----------------------------------------
[2026-03-30 00:04:15] 开始搜索先正达相关新闻...
  [eastmoney] 找到 400 条
  [sina] 找到 50 条
  相关文章: 450 条, 新文章: 0 条

[2026-03-30 01:10:54] ⏰ 定时检查...
[2026-03-30 01:10:54] 开始搜索先正达相关新闻...
  [eastmoney] 找到 400 条
  [sina] 找到 50 条
  相关文章: 450 条, 新文章: 0 条
----------------------------------------
Exception occurred during processing of request from ('45.79.207.252', 35285)
Traceback (most recent call last):
  File "/usr/lib/python3.12/socketserver.py", line 318, in _handle_request_noblock
    self.process_request(request, client_address)
  File "/usr/lib/python3.12/socketserver.py", line 349, in process_request
    self.finish_request(request, client_address)
  File "/usr/lib/python3.12/socketserver.py", line 362, in finish_request
    self.RequestHandlerClass(request, client_address, self)
  File "/usr/lib/python3.12/socketserver.py", line 761, in __init__
    self.handle()
  File "/usr/lib/python3.12/http/server.py", line 436, in handle
    self.handle_one_request()
  File "/usr/lib/python3.12/http/server.py", line 404, in handle_one_request
    self.raw_requestline = self.rfile.readline(65537)
                           ^^^^^^^^^^^^^^^^^^^^^^^^^^
  File "/usr/lib/python3.12/socket.py", line 707, in readinto
    return self._sock.recv_into(b)
           ^^^^^^^^^^^^^^^^^^^^^^^
ConnectionResetError: [Errno 104] Connection reset by peer
----------------------------------------

[2026-03-30 04:10:59] ⏰ 定时检查...
[2026-03-30 04:10:59] 开始搜索先正达相关新闻...
  [eastmoney] 找到 400 条
  [sina] 找到 50 条
  相关文章: 450 条, 新文章: 0 条
[2026-03-30 06:04:13] 开始搜索先正达相关新闻...
  [eastmoney] 找到 400 条
  [sina] 找到 50 条
  相关文章: 450 条, 新文章: 0 条

[2026-03-30 07:11:04] ⏰ 定时检查...
[2026-03-30 07:11:04] 开始搜索先正达相关新闻...
  [eastmoney] 找到 400 条
  [sina] 找到 50 条
  相关文章: 450 条, 新文章: 0 条

[2026-03-30 10:11:11] ⏰ 定时检查...
[2026-03-30 10:11:11] 开始搜索先正达相关新闻...
  [eastmoney] 找到 400 条
  [sina] 找到 50 条
  相关文章: 450 条, 新文章: 0 条
[2026-03-30 12:04:17] 开始搜索先正达相关新闻...
  [eastmoney] 找到 400 条
  [sina] 找到 50 条
  相关文章: 450 条, 新文章: 0 条

[2026-03-30 13:11:17] ⏰ 定时检查...
[2026-03-30 13:11:17] 开始搜索先正达相关新闻...
  [eastmoney] 找到 400 条
  [sina] 找到 50 条
  相关文章: 450 条, 新文章: 0 条

[2026-03-30 16:11:24] ⏰ 定时检查...
[2026-03-30 16:11:24] 开始搜索先正达相关新闻...
  [eastmoney] 找到 400 条
  [sina] 找到 50 条
  相关文章: 450 条, 新文章: 0 条
[2026-03-30 18:04:20] 开始搜索先正达相关新闻...
  [eastmoney] 找到 400 条
  [sina] 找到 50 条
  相关文章: 450 条, 新文章: 0 条

[2026-03-30 19:11:29] ⏰ 定时检查...
[2026-03-30 19:11:30] 开始搜索先正达相关新闻...
  [eastmoney] 找到 400 条
  [sina] 找到 50 条
  相关文章: 450 条, 新文章: 0 条

[2026-03-30 22:11:35] ⏰ 定时检查...
[2026-03-30 22:11:35] 开始搜索先正达相关新闻...
  [eastmoney] 找到 400 条
  [sina] 找到 50 条
  相关文章: 450 条, 新文章: 0 条
[2026-03-31 00:04:13] 开始搜索先正达相关新闻...
  [eastmoney] 找到 400 条
  [sina] 找到 50 条
  相关文章: 450 条, 新文章: 0 条

[2026-03-31 01:11:41] ⏰ 定时检查...
[2026-03-31 01:11:41] 开始搜索先正达相关新闻...
  [eastmoney] 找到 400 条
  [sina] 找到 50 条
  相关文章: 450 条, 新文章: 0 条

[2026-03-31 04:11:46] ⏰ 定时检查...
[2026-03-31 04:11:46] 开始搜索先正达相关新闻...
  [eastmoney] 找到 400 条
  [sina] 找到 50 条
  相关文章: 450 条, 新文章: 0 条
[2026-03-31 06:04:14] 开始搜索先正达相关新闻...
  [eastmoney] 找到 400 条
  [sina] 找到 50 条
  相关文章: 450 条, 新文章: 0 条

[2026-03-31 07:11:51] ⏰ 定时检查...
[2026-03-31 07:11:51] 开始搜索先正达相关新闻...
  [eastmoney] 找到 400 条
  [sina] 找到 50 条
  相关文章: 450 条, 新文章: 0 条

[2026-03-31 10:11:57] ⏰ 定时检查...
[2026-03-31 10:11:57] 开始搜索先正达相关新闻...
  [eastmoney] 找到 400 条
  [sina] 找到 50 条
  相关文章: 450 条, 新文章: 0 条
[2026-03-31 12:04:14] 开始搜索先正达相关新闻...
  [eastmoney] 找到 400 条
  [sina] 找到 50 条
  相关文章: 450 条, 新文章: 0 条

[2026-03-31 13:12:05] ⏰ 定时检查...
[2026-03-31 13:12:05] 开始搜索先正达相关新闻...
  [eastmoney] 找到 400 条
  [sina] 找到 50 条
  相关文章: 450 条, 新文章: 0 条

[2026-03-31 16:12:11] ⏰ 定时检查...
[2026-03-31 16:12:11] 开始搜索先正达相关新闻...
  [eastmoney] 找到 400 条
  [sina] 找到 50 条
  相关文章: 450 条, 新文章: 0 条
[2026-03-31 18:04:13] 开始搜索先正达相关新闻...
  [eastmoney] 找到 400 条
  [sina] 找到 50 条
  相关文章: 450 条, 新文章: 0 条

[2026-03-31 19:12:18] ⏰ 定时检查...
[2026-03-31 19:12:18] 开始搜索先正达相关新闻...
  [eastmoney] 找到 400 条
  [sina] 找到 50 条
  相关文章: 450 条, 新文章: 0 条

[2026-03-31 22:12:24] ⏰ 定时检查...
[2026-03-31 22:12:24] 开始搜索先正达相关新闻...
  [eastmoney] 找到 400 条
  [sina] 找到 50 条
  相关文章: 450 条, 新文章: 0 条
